\BOOKMARK [0][-]{chapter*.2}{Introduction}{}% 1
\BOOKMARK [1][-]{section*.3}{Structure\040of\040the\040Thesis}{chapter*.2}% 2
\BOOKMARK [0][-]{chapter.1}{Base\040Terms\040and\040Definitions}{}% 3
\BOOKMARK [1][-]{section.1.1}{Definitions}{chapter.1}% 4
\BOOKMARK [1][-]{section.1.2}{Subgraph\040Querying}{chapter.1}% 5
\BOOKMARK [0][-]{chapter.2}{Analysis\040of\040Related\040Work}{}% 6
\BOOKMARK [1][-]{section.2.1}{Subgraph\040Isomorphism\040Algorithms}{chapter.2}% 7
\BOOKMARK [1][-]{section.2.2}{Index\040Building\040Methods}{chapter.2}% 8
\BOOKMARK [2][-]{subsection.2.2.1}{GraphGrep}{section.2.2}% 9
\BOOKMARK [2][-]{subsection.2.2.2}{GraphGrepSX}{section.2.2}% 10
\BOOKMARK [2][-]{subsection.2.2.3}{GIndex}{section.2.2}% 11
\BOOKMARK [2][-]{subsection.2.2.4}{GIRAS}{section.2.2}% 12
\BOOKMARK [2][-]{subsection.2.2.5}{GString}{section.2.2}% 13
\BOOKMARK [2][-]{subsection.2.2.6}{C-Tree}{section.2.2}% 14
\BOOKMARK [2][-]{subsection.2.2.7}{GDIndex}{section.2.2}% 15
\BOOKMARK [2][-]{subsection.2.2.8}{Benchmark\040Results}{section.2.2}% 16
\BOOKMARK [1][-]{section.2.3}{Database\040Management\040Systems\040Utilization\040for\040Subgraph\040Querying}{chapter.2}% 17
\BOOKMARK [2][-]{subsection.2.3.1}{SQL\040Substructure\040Search}{section.2.3}% 18
\BOOKMARK [2][-]{subsection.2.3.2}{Neo4j\040Substructure\040Search}{section.2.3}% 19
\BOOKMARK [1][-]{section.2.4}{Commercially\040Used\040Solutions}{chapter.2}% 20
\BOOKMARK [2][-]{subsection.2.4.1}{AMBIT-SMARTS}{section.2.4}% 21
\BOOKMARK [2][-]{subsection.2.4.2}{JChem\040Cartridge}{section.2.4}% 22
\BOOKMARK [2][-]{subsection.2.4.3}{ABCD\040Cartridge}{section.2.4}% 23
\BOOKMARK [0][-]{chapter.3}{Experimental\040Work}{}% 24
\BOOKMARK [1][-]{section.3.1}{Introduction}{chapter.3}% 25
\BOOKMARK [1][-]{section.3.2}{Hypotheses\040to\040be\040verified\040by\040the\040experimental\040work}{chapter.3}% 26
\BOOKMARK [2][-]{subsection.3.2.1}{Hypothesis\0401:\040GString\040vs\040GraphGrepSX}{section.3.2}% 27
\BOOKMARK [2][-]{subsection.3.2.2}{Hypothesis\0402:\040GIRAS\040performance\040for\040large\040queries}{section.3.2}% 28
\BOOKMARK [2][-]{subsection.3.2.3}{Hypothesis\0403:\040How\040the\040SQL\040and\040graph\040oriented\040databases\040perform\040in\040comparison\040with\040the\040domain\040specific\040solutions}{section.3.2}% 29
\BOOKMARK [1][-]{section.3.3}{Description\040of\040the\040Experimental\040Work}{chapter.3}% 30
\BOOKMARK [2][-]{subsection.3.3.1}{GraphGrepSX}{section.3.3}% 31
\BOOKMARK [2][-]{subsection.3.3.2}{GString}{section.3.3}% 32
\BOOKMARK [2][-]{subsection.3.3.3}{SQL\040Database}{section.3.3}% 33
\BOOKMARK [2][-]{subsection.3.3.4}{Graph\040Database}{section.3.3}% 34
\BOOKMARK [2][-]{subsection.3.3.5}{GIRAS}{section.3.3}% 35
\BOOKMARK [0][-]{chapter.4}{Experimental\040Results}{}% 36
\BOOKMARK [1][-]{section.4.1}{Index\040Building\040Time}{chapter.4}% 37
\BOOKMARK [1][-]{section.4.2}{Index\040and\040Data\040Size}{chapter.4}% 38
\BOOKMARK [1][-]{section.4.3}{Candidate\040Set\040Creation\040Time}{chapter.4}% 39
\BOOKMARK [1][-]{section.4.4}{Verification\040Time}{chapter.4}% 40
\BOOKMARK [1][-]{section.4.5}{Hit\040Ratio\040of\040Candidate\040Set}{chapter.4}% 41
\BOOKMARK [1][-]{section.4.6}{Query\040Execution\040Time}{chapter.4}% 42
\BOOKMARK [1][-]{section.4.7}{Hypotheses\040Results}{chapter.4}% 43
\BOOKMARK [0][-]{chapter*.4}{Conclusion}{}% 44
\BOOKMARK [1][-]{section*.5}{Future\040Work}{chapter*.4}% 45
\BOOKMARK [0][-]{chapter*.6}{Bibliography}{}% 46
\BOOKMARK [0][-]{chapter*.7}{List\040of\040Figures}{}% 47
\BOOKMARK [0][-]{chapter*.8}{List\040of\040Tables}{}% 48
\BOOKMARK [0][-]{chapter*.9}{List\040of\040Abbreviations}{}% 49
\BOOKMARK [0][-]{chapter*.10}{Attachments}{}% 50
